Start testing: Apr 22 20:59 IST
----------------------------------------------------------
1/2 Testing: test_tutorial_cpp
1/2 Test: test_tutorial_cpp
Command: "/bin/sh" "/home/arun/Desktop/gr-tutorial_cpp/gr-tutorial_cpp/build/lib/test_tutorial_cpp_test.sh"
Directory: /home/arun/Desktop/gr-tutorial_cpp/gr-tutorial_cpp/build/lib
"test_tutorial_cpp" start time: Apr 22 20:59 IST
Output:
----------------------------------------------------------
.

<end of output>
Test time =   0.00 sec
----------------------------------------------------------
Test Passed.
"test_tutorial_cpp" end time: Apr 22 20:59 IST
"test_tutorial_cpp" time elapsed: 00:00:00
----------------------------------------------------------

2/2 Testing: qa_my_qpsk_demod_cb
2/2 Test: qa_my_qpsk_demod_cb
Command: "/bin/sh" "/home/arun/Desktop/gr-tutorial_cpp/gr-tutorial_cpp/build/python/qa_my_qpsk_demod_cb_test.sh"
Directory: /home/arun/Desktop/gr-tutorial_cpp/gr-tutorial_cpp/build/python
"qa_my_qpsk_demod_cb" start time: Apr 22 20:59 IST
Output:
----------------------------------------------------------
..
----------------------------------------------------------------------
Ran 2 tests in 0.003s

OK
<end of output>
Test time =   0.25 sec
----------------------------------------------------------
Test Passed.
"qa_my_qpsk_demod_cb" end time: Apr 22 20:59 IST
"qa_my_qpsk_demod_cb" time elapsed: 00:00:00
----------------------------------------------------------

End testing: Apr 22 20:59 IST
